#
# There is insufficient memory for the Java Runtime Environment to continue.
# Native memory allocation (malloc) failed to allocate 1901776 bytes for Chunk::new
# Possible reasons:
#   The system is out of physical RAM or swap space
#   In 32 bit mode, the process size limit was hit
# Possible solutions:
#   Reduce memory load on the system
#   Increase physical memory or swap space
#   Check if swap backing store is full
#   Use 64 bit Java on a 64 bit OS
#   Decrease Java heap size (-Xmx/-Xms)
#   Decrease number of Java threads
#   Decrease Java thread stack sizes (-Xss)
#   Set larger code cache with -XX:ReservedCodeCacheSize=
# This output file may be truncated or incomplete.
#
#  Out of Memory Error (allocation.cpp:390), pid=17136, tid=0x0000000000004368
#
# JRE version: Java(TM) SE Runtime Environment (8.0_131-b11) (build 1.8.0_131-b11)
# Java VM: Java HotSpot(TM) 64-Bit Server VM (25.131-b11 mixed mode windows-amd64 compressed oops)
# Failed to write core dump. Minidumps are not enabled by default on client versions of Windows
#

---------------  T H R E A D  ---------------

Current thread (0x000000001932a000):  JavaThread "C2 CompilerThread1" daemon [_thread_in_native, id=17256, stack(0x0000000019ae0000,0x0000000019be0000)]

Stack: [0x0000000019ae0000,0x0000000019be0000]
[error occurred during error reporting (printing stack bounds), id 0xc0000005]

Native frames: (J=compiled Java code, j=interpreted, Vv=VM code, C=native code)


Current CompileTask:
C2:   5314 1628       4       java.net.URLClassLoader$1::run (5 bytes)


---------------  P R O C E S S  ---------------

Java Threads: ( => current thread )
  0x00000000193af000 JavaThread "Service Thread" daemon [_thread_blocked, id=23644, stack(0x0000000019ce0000,0x0000000019de0000)]
  0x000000001932c000 JavaThread "C1 CompilerThread2" daemon [_thread_blocked, id=12372, stack(0x0000000019be0000,0x0000000019ce0000)]
=>0x000000001932a000 JavaThread "C2 CompilerThread1" daemon [_thread_in_native, id=17256, stack(0x0000000019ae0000,0x0000000019be0000)]
  0x0000000019326000 JavaThread "C2 CompilerThread0" daemon [_thread_blocked, id=10392, stack(0x00000000199e0000,0x0000000019ae0000)]
  0x000000001930b800 JavaThread "Monitor Ctrl-Break" daemon [_thread_in_native, id=8824, stack(0x00000000198e0000,0x00000000199e0000)]
  0x0000000017f83800 JavaThread "Attach Listener" daemon [_thread_blocked, id=7124, stack(0x00000000197e0000,0x00000000198e0000)]
  0x0000000017fce000 JavaThread "Signal Dispatcher" daemon [_thread_blocked, id=21112, stack(0x00000000196e0000,0x00000000197e0000)]
  0x0000000017f5a800 JavaThread "Finalizer" daemon [_thread_blocked, id=7756, stack(0x00000000191e0000,0x00000000192e0000)]
  0x0000000003433000 JavaThread "Reference Handler" daemon [_thread_blocked, id=23784, stack(0x00000000190e0000,0x00000000191e0000)]
  0x0000000003343800 JavaThread "main" [_thread_in_native, id=12912, stack(0x0000000002ff0000,0x00000000030f0000)]

Other Threads:
  0x0000000017f38000 VMThread [stack: 0x0000000018fe0000,0x00000000190e0000] [id=12724]
  0x00000000193ac800 WatcherThread [stack: 0x0000000019de0000,0x0000000019ee0000] [id=15540]

VM state:not at safepoint (normal execution)

VM Mutex/Monitor currently owned by a thread: None

Heap:
 PSYoungGen      total 38400K, used 7213K [0x00000000d5f00000, 0x00000000d8980000, 0x0000000100000000)
  eden space 33280K, 6% used [0x00000000d5f00000,0x00000000d610d580,0x00000000d7f80000)
  from space 5120K, 99% used [0x00000000d7f80000,0x00000000d847e050,0x00000000d8480000)
  to   space 5120K, 0% used [0x00000000d8480000,0x00000000d8480000,0x00000000d8980000)
 ParOldGen       total 87552K, used 4933K [0x0000000081c00000, 0x0000000087180000, 0x00000000d5f00000)
  object space 87552K, 5% used [0x0000000081c00000,0x00000000820d1600,0x0000000087180000)
 Metaspace       used 15685K, capacity 15958K, committed 16128K, reserved 1062912K
  class space    used 1897K, capacity 1976K, committed 2048K, reserved 1048576K

Card table byte_map: [0x0000000012800000,0x0000000012c00000] byte_map_base: 0x00000000123f2000

Marking Bits: (ParMarkBitMap*) 0x000000006ab6c720
 Begin Bits: [0x00000000132b0000, 0x0000000015240000)
 End Bits:   [0x0000000015240000, 0x00000000171d0000)

Polling page: 0x0000000002c60000

CodeCache: size=245760Kb used=6454Kb max_used=6456Kb free=239305Kb
 bounds [0x0000000003440000, 0x0000000003aa0000, 0x0000000012440000]
 total_blobs=2252 nmethods=1877 adapters=287
 compilation: enabled

Compilation events (10 events):
Event: 5.291 Thread 0x000000001932c000 1854       3       org.apache.maven.model.ConfigurationContainer::getLocation (147 bytes)
Event: 5.291 Thread 0x000000001932c000 nmethod 1854 0x0000000003a83c90 code [0x0000000003a83ea0, 0x0000000003a84b78]
Event: 5.291 Thread 0x000000001932c000 1855       3       org.apache.maven.model.merge.MavenModelMerger::getPluginKey (5 bytes)
Event: 5.292 Thread 0x000000001932c000 nmethod 1855 0x0000000003a84e50 code [0x0000000003a85040, 0x0000000003a859d8]
Event: 5.292 Thread 0x000000001932c000 1856       3       org.apache.maven.model.Plugin::getExecutions (23 bytes)
Event: 5.292 Thread 0x000000001932c000 nmethod 1856 0x0000000003a85f50 code [0x0000000003a860c0, 0x0000000003a86450]
Event: 5.292 Thread 0x000000001932c000 1857       3       org.apache.maven.model.ConfigurationContainer::isInherited (19 bytes)
Event: 5.292 Thread 0x000000001932c000 nmethod 1857 0x0000000003a865d0 code [0x0000000003a86740, 0x0000000003a86aa8]
Event: 5.292 Thread 0x000000001932c000 1858       3       org.apache.maven.model.ConfigurationContainer::<init> (10 bytes)
Event: 5.292 Thread 0x000000001932c000 nmethod 1858 0x0000000003a86b90 code [0x0000000003a86ce0, 0x0000000003a86e90]

GC Heap History (6 events):
Event: 3.665 GC heap before
{Heap before GC invocations=1 (full 0):
 PSYoungGen      total 38400K, used 33280K [0x00000000d5f00000, 0x00000000d8980000, 0x0000000100000000)
  eden space 33280K, 100% used [0x00000000d5f00000,0x00000000d7f80000,0x00000000d7f80000)
  from space 5120K, 0% used [0x00000000d8480000,0x00000000d8480000,0x00000000d8980000)
  to   space 5120K, 0% used [0x00000000d7f80000,0x00000000d7f80000,0x00000000d8480000)
 ParOldGen       total 87552K, used 0K [0x0000000081c00000, 0x0000000087180000, 0x00000000d5f00000)
  object space 87552K, 0% used [0x0000000081c00000,0x0000000081c00000,0x0000000087180000)
 Metaspace       used 8898K, capacity 9096K, committed 9344K, reserved 1056768K
  class space    used 1060K, capacity 1116K, committed 1152K, reserved 1048576K
Event: 3.689 GC heap after
Heap after GC invocations=1 (full 0):
 PSYoungGen      total 38400K, used 5101K [0x00000000d5f00000, 0x00000000d8980000, 0x0000000100000000)
  eden space 33280K, 0% used [0x00000000d5f00000,0x00000000d5f00000,0x00000000d7f80000)
  from space 5120K, 99% used [0x00000000d7f80000,0x00000000d847b738,0x00000000d8480000)
  to   space 5120K, 0% used [0x00000000d8480000,0x00000000d8480000,0x00000000d8980000)
 ParOldGen       total 87552K, used 334K [0x0000000081c00000, 0x0000000087180000, 0x00000000d5f00000)
  object space 87552K, 0% used [0x0000000081c00000,0x0000000081c53920,0x0000000087180000)
 Metaspace       used 8898K, capacity 9096K, committed 9344K, reserved 1056768K
  class space    used 1060K, capacity 1116K, committed 1152K, reserved 1048576K
}
Event: 4.260 GC heap before
{Heap before GC invocations=2 (full 0):
 PSYoungGen      total 38400K, used 38381K [0x00000000d5f00000, 0x00000000d8980000, 0x0000000100000000)
  eden space 33280K, 100% used [0x00000000d5f00000,0x00000000d7f80000,0x00000000d7f80000)
  from space 5120K, 99% used [0x00000000d7f80000,0x00000000d847b738,0x00000000d8480000)
  to   space 5120K, 0% used [0x00000000d8480000,0x00000000d8480000,0x00000000d8980000)
 ParOldGen       total 87552K, used 334K [0x0000000081c00000, 0x0000000087180000, 0x00000000d5f00000)
  object space 87552K, 0% used [0x0000000081c00000,0x0000000081c53920,0x0000000087180000)
 Metaspace       used 11840K, capacity 12058K, committed 12288K, reserved 1060864K
  class space    used 1430K, capacity 1482K, committed 1536K, reserved 1048576K
Event: 4.265 GC heap after
Heap after GC invocations=2 (full 0):
 PSYoungGen      total 38400K, used 5117K [0x00000000d5f00000, 0x00000000d8980000, 0x0000000100000000)
  eden space 33280K, 0% used [0x00000000d5f00000,0x00000000d5f00000,0x00000000d7f80000)
  from space 5120K, 99% used [0x00000000d8480000,0x00000000d897f600,0x00000000d8980000)
  to   space 5120K, 0% used [0x00000000d7f80000,0x00000000d7f80000,0x00000000d8480000)
 ParOldGen       total 87552K, used 2085K [0x0000000081c00000, 0x0000000087180000, 0x00000000d5f00000)
  object space 87552K, 2% used [0x0000000081c00000,0x0000000081e097d8,0x0000000087180000)
 Metaspace       used 11840K, capacity 12058K, committed 12288K, reserved 1060864K
  class space    used 1430K, capacity 1482K, committed 1536K, reserved 1048576K
}
Event: 5.145 GC heap before
{Heap before GC invocations=3 (full 0):
 PSYoungGen      total 38400K, used 38397K [0x00000000d5f00000, 0x00000000d8980000, 0x0000000100000000)
  eden space 33280K, 100% used [0x00000000d5f00000,0x00000000d7f80000,0x00000000d7f80000)
  from space 5120K, 99% used [0x00000000d8480000,0x00000000d897f600,0x00000000d8980000)
  to   space 5120K, 0% used [0x00000000d7f80000,0x00000000d7f80000,0x00000000d8480000)
 ParOldGen       total 87552K, used 2085K [0x0000000081c00000, 0x0000000087180000, 0x00000000d5f00000)
  object space 87552K, 2% used [0x0000000081c00000,0x0000000081e097d8,0x0000000087180000)
 Metaspace       used 15642K, capacity 15946K, committed 16128K, reserved 1062912K
  class space    used 1896K, capacity 1974K, committed 2048K, reserved 1048576K
Event: 5.152 GC heap after
Heap after GC invocations=3 (full 0):
 PSYoungGen      total 38400K, used 5112K [0x00000000d5f00000, 0x00000000d8980000, 0x0000000100000000)
  eden space 33280K, 0% used [0x00000000d5f00000,0x00000000d5f00000,0x00000000d7f80000)
  from space 5120K, 99% used [0x00000000d7f80000,0x00000000d847e050,0x00000000d8480000)
  to   space 5120K, 0% used [0x00000000d8480000,0x00000000d8480000,0x00000000d8980000)
 ParOldGen       total 87552K, used 4933K [0x0000000081c00000, 0x0000000087180000, 0x00000000d5f00000)
  object space 87552K, 5% used [0x0000000081c00000,0x00000000820d1600,0x0000000087180000)
 Metaspace       used 15642K, capacity 15946K, committed 16128K, reserved 1062912K
  class space    used 1896K, capacity 1974K, committed 2048K, reserved 1048576K
}

Deoptimization events (10 events):
Event: 4.560 Thread 0x0000000003343800 Uncommon trap: reason=unstable_if action=reinterpret pc=0x0000000003928c9c method=java.lang.ref.ReferenceQueue.poll()Ljava/lang/ref/Reference; @ 4
Event: 4.657 Thread 0x0000000003343800 Uncommon trap: reason=class_check action=maybe_recompile pc=0x0000000003779a70 method=java.util.HashMap.putVal(ILjava/lang/Object;Ljava/lang/Object;ZZ)Ljava/lang/Object; @ 203
Event: 4.676 Thread 0x0000000003343800 Uncommon trap: reason=unstable_if action=reinterpret pc=0x000000000397db10 method=org.eclipse.sisu.inject.InjectorBindings.isAssignableFrom(Lcom/google/inject/TypeLiteral;Lcom/google/inject/Binding;)Z @ 14
Event: 4.677 Thread 0x0000000003343800 Uncommon trap: reason=null_check action=make_not_entrant pc=0x00000000035ef538 method=java.lang.String.equals(Ljava/lang/Object;)Z @ 8
Event: 4.888 Thread 0x0000000003343800 Uncommon trap: reason=unstable_if action=reinterpret pc=0x0000000003737c64 method=sun.nio.cs.UTF_8$Decoder.decodeArrayLoop(Ljava/nio/ByteBuffer;Ljava/nio/CharBuffer;)Ljava/nio/charset/CoderResult; @ 84
Event: 4.894 Thread 0x0000000003343800 Uncommon trap: reason=unstable_if action=reinterpret pc=0x000000000375e08c method=java.lang.AbstractStringBuilder.append(Ljava/lang/String;)Ljava/lang/AbstractStringBuilder; @ 1
Event: 4.894 Thread 0x0000000003343800 Uncommon trap: reason=unstable_if action=reinterpret pc=0x000000000362e850 method=java.lang.AbstractStringBuilder.append(Ljava/lang/String;)Ljava/lang/AbstractStringBuilder; @ 1
Event: 4.984 Thread 0x0000000003343800 Uncommon trap: reason=unstable_if action=reinterpret pc=0x0000000003632904 method=java.lang.String.replace(CC)Ljava/lang/String; @ 2
Event: 5.184 Thread 0x0000000003343800 Uncommon trap: reason=unstable_if action=reinterpret pc=0x0000000003a2930c method=org.codehaus.plexus.util.xml.pull.MXParser.nextImpl()I @ 280
Event: 5.211 Thread 0x0000000003343800 Uncommon trap: reason=null_check action=make_not_entrant pc=0x0000000003a7075c method=org.apache.maven.model.io.xpp3.MavenXpp3ReaderEx.checkFieldWithDuplicate(Lorg/codehaus/plexus/util/xml/pull/XmlPullParser;Ljava/lang/String;Ljava/lang/String;Ljava/util/

Internal exceptions (10 events):
Event: 3.722 Thread 0x0000000003343800 Exception <a 'java/lang/ArrayIndexOutOfBoundsException'> (0x00000000d625fed8) thrown at [C:\re\workspace\8-2-build-windows-amd64-cygwin\jdk8u131\8869\hotspot\src\share\vm\runtime\sharedRuntime.cpp, line 605]
Event: 3.795 Thread 0x0000000003343800 Exception <a 'java/lang/ArrayIndexOutOfBoundsException': 66> (0x00000000d65d1bf8) thrown at [C:\re\workspace\8-2-build-windows-amd64-cygwin\jdk8u131\8869\hotspot\src\share\vm\interpreter\interpreterRuntime.cpp, line 366]
Event: 3.801 Thread 0x0000000003343800 Exception <a 'java/lang/ArrayIndexOutOfBoundsException': 66> (0x00000000d666b978) thrown at [C:\re\workspace\8-2-build-windows-amd64-cygwin\jdk8u131\8869\hotspot\src\share\vm\interpreter\interpreterRuntime.cpp, line 366]
Event: 4.555 Thread 0x0000000003343800 Exception <a 'java/lang/NoClassDefFoundError': com/google/inject/servlet/ServletModuleTargetVisitor> (0x00000000d6fa9c58) thrown at [C:\re\workspace\8-2-build-windows-amd64-cygwin\jdk8u131\8869\hotspot\src\share\vm\classfile\systemDictionary.cpp, line 199
Event: 4.555 Thread 0x0000000003343800 Exception <a 'java/lang/NoClassDefFoundError'> (0x00000000d6fa9c58) thrown at [C:\re\workspace\8-2-build-windows-amd64-cygwin\jdk8u131\8869\hotspot\src\share\vm\prims\jvm.cpp, line 1394]
Event: 4.555 Thread 0x0000000003343800 Exception <a 'java/lang/NoClassDefFoundError': javax/annotation/Priority> (0x00000000d6fae780) thrown at [C:\re\workspace\8-2-build-windows-amd64-cygwin\jdk8u131\8869\hotspot\src\share\vm\classfile\systemDictionary.cpp, line 199]
Event: 4.677 Thread 0x0000000003343800 Implicit null exception at 0x00000000035ef358 to 0x00000000035ef529
Event: 4.894 Thread 0x0000000003343800 Implicit null exception at 0x000000000375dcd6 to 0x000000000375e071
Event: 4.894 Thread 0x0000000003343800 Implicit null exception at 0x000000000362e496 to 0x000000000362e839
Event: 5.211 Thread 0x0000000003343800 Implicit null exception at 0x0000000003a704f7 to 0x0000000003a70741

Events (10 events):
Event: 5.175 Thread 0x0000000003343800 DEOPT PACKING pc=0x00000000039f0e9b sp=0x00000000030ed520
Event: 5.175 Thread 0x0000000003343800 DEOPT UNPACKING pc=0x000000000348787f sp=0x00000000030ed320 mode 0
Event: 5.183 Thread 0x0000000003343800 DEOPT PACKING pc=0x00000000039f0e9b sp=0x00000000030ed3b0
Event: 5.183 Thread 0x0000000003343800 DEOPT UNPACKING pc=0x000000000348787f sp=0x00000000030ed1b0 mode 0
Event: 5.184 Thread 0x0000000003343800 Uncommon trap: trap_request=0xffffff65 fr.pc=0x0000000003a2930c
Event: 5.184 Thread 0x0000000003343800 DEOPT PACKING pc=0x0000000003a2930c sp=0x00000000030ed600
Event: 5.184 Thread 0x0000000003343800 DEOPT UNPACKING pc=0x000000000348582a sp=0x00000000030ed558 mode 2
Event: 5.211 Thread 0x0000000003343800 Uncommon trap: trap_request=0xfffffff4 fr.pc=0x0000000003a7075c
Event: 5.211 Thread 0x0000000003343800 DEOPT PACKING pc=0x0000000003a7075c sp=0x00000000030ed9a0
Event: 5.211 Thread 0x0000000003343800 DEOPT UNPACKING pc=0x000000000348582a sp=0x00000000030ed960 mode 2


Dynamic libraries:
0x00007ff7c2470000 - 0x00007ff7c24a7000 	G:\jdk\bin\java.exe
0x00007ffdd1b20000 - 0x00007ffdd1d10000 	C:\WINDOWS\SYSTEM32\ntdll.dll
0x00007ffdd05d0000 - 0x00007ffdd0682000 	C:\WINDOWS\System32\KERNEL32.DLL
0x00007ffdcf530000 - 0x00007ffdcf7d4000 	C:\WINDOWS\System32\KERNELBASE.dll
0x00007ffdd19b0000 - 0x00007ffdd1a53000 	C:\WINDOWS\System32\ADVAPI32.dll
0x00007ffdd03d0000 - 0x00007ffdd046e000 	C:\WINDOWS\System32\msvcrt.dll
0x00007ffdcfd20000 - 0x00007ffdcfdb7000 	C:\WINDOWS\System32\sechost.dll
0x00007ffdd16e0000 - 0x00007ffdd1800000 	C:\WINDOWS\System32\RPCRT4.dll
0x00007ffdd1810000 - 0x00007ffdd19a4000 	C:\WINDOWS\System32\USER32.dll
0x00007ffdced20000 - 0x00007ffdced41000 	C:\WINDOWS\System32\win32u.dll
0x00007ffdd03a0000 - 0x00007ffdd03c6000 	C:\WINDOWS\System32\GDI32.dll
0x00007ffdcfa30000 - 0x00007ffdcfbc5000 	C:\WINDOWS\System32\gdi32full.dll
0x00007ffdceab0000 - 0x00007ffdceb4e000 	C:\WINDOWS\System32\msvcp_win.dll
0x00007ffdceb70000 - 0x00007ffdcec6a000 	C:\WINDOWS\System32\ucrtbase.dll
0x00007ffdbf960000 - 0x00007ffdbfbe4000 	C:\WINDOWS\WinSxS\amd64_microsoft.windows.common-controls_6595b64144ccf1df_6.0.18362.900_none_e6beb9d913147d17\COMCTL32.dll
0x00007ffdcfe20000 - 0x00007ffdd0155000 	C:\WINDOWS\System32\combase.dll
0x00007ffdcec70000 - 0x00007ffdcecf0000 	C:\WINDOWS\System32\bcryptPrimitives.dll
0x00007ffdd01c0000 - 0x00007ffdd01ee000 	C:\WINDOWS\System32\IMM32.DLL
0x000000006ad70000 - 0x000000006ae42000 	G:\jdk\jre\bin\msvcr100.dll
0x000000006a350000 - 0x000000006abec000 	G:\jdk\jre\bin\server\jvm.dll
0x00007ffdd0690000 - 0x00007ffdd0698000 	C:\WINDOWS\System32\PSAPI.DLL
0x00007ffdc8300000 - 0x00007ffdc830a000 	C:\WINDOWS\SYSTEM32\VERSION.dll
0x00007ffdc5870000 - 0x00007ffdc5894000 	C:\WINDOWS\SYSTEM32\WINMM.dll
0x00007ffdc5e70000 - 0x00007ffdc5e79000 	C:\WINDOWS\SYSTEM32\WSOCK32.dll
0x00007ffdd0760000 - 0x00007ffdd07cf000 	C:\WINDOWS\System32\WS2_32.dll
0x00007ffdc5840000 - 0x00007ffdc586d000 	C:\WINDOWS\SYSTEM32\winmmbase.dll
0x00007ffdcf9e0000 - 0x00007ffdcfa2a000 	C:\WINDOWS\System32\cfgmgr32.dll
0x000000006d2f0000 - 0x000000006d2ff000 	G:\jdk\jre\bin\verify.dll
0x000000006d2c0000 - 0x000000006d2e9000 	G:\jdk\jre\bin\java.dll
0x000000006d290000 - 0x000000006d2b3000 	G:\jdk\jre\bin\instrument.dll
0x000000006a330000 - 0x000000006a346000 	G:\jdk\jre\bin\zip.dll
0x00007ffdd0a50000 - 0x00007ffdd1136000 	C:\WINDOWS\System32\SHELL32.dll
0x00007ffdd1610000 - 0x00007ffdd16b9000 	C:\WINDOWS\System32\shcore.dll
0x00007ffdced50000 - 0x00007ffdcf4d0000 	C:\WINDOWS\System32\windows.storage.dll
0x00007ffdce9f0000 - 0x00007ffdcea13000 	C:\WINDOWS\System32\profapi.dll
0x00007ffdcea40000 - 0x00007ffdcea8a000 	C:\WINDOWS\System32\powrprof.dll
0x00007ffdce9e0000 - 0x00007ffdce9f0000 	C:\WINDOWS\System32\UMPDC.dll
0x00007ffdd1140000 - 0x00007ffdd1192000 	C:\WINDOWS\System32\shlwapi.dll
0x00007ffdcea20000 - 0x00007ffdcea31000 	C:\WINDOWS\System32\kernel.appcore.dll
0x00007ffdceb50000 - 0x00007ffdceb67000 	C:\WINDOWS\System32\cryptsp.dll
0x00007ffdba340000 - 0x00007ffdba35a000 	F:\ideaIU-2019.3.2.win\bin\breakgen64.dll
0x000000006a310000 - 0x000000006a32a000 	G:\jdk\jre\bin\net.dll
0x00007ffdce250000 - 0x00007ffdce2b7000 	C:\WINDOWS\system32\mswsock.dll
0x00007ffdcddc0000 - 0x00007ffdcddf3000 	C:\WINDOWS\system32\rsaenh.dll
0x00007ffdcecf0000 - 0x00007ffdced16000 	C:\WINDOWS\System32\bcrypt.dll
0x00007ffdce8d0000 - 0x00007ffdce8f5000 	C:\WINDOWS\SYSTEM32\USERENV.dll
0x00007ffdce420000 - 0x00007ffdce42c000 	C:\WINDOWS\SYSTEM32\CRYPTBASE.dll
0x00007ffdcdf60000 - 0x00007ffdcdf9a000 	C:\WINDOWS\SYSTEM32\IPHLPAPI.DLL
0x00007ffdd06a0000 - 0x00007ffdd06a8000 	C:\WINDOWS\System32\NSI.dll
0x00007ffdc49d0000 - 0x00007ffdc49e6000 	C:\WINDOWS\SYSTEM32\dhcpcsvc6.DLL
0x00007ffdc5210000 - 0x00007ffdc522c000 	C:\WINDOWS\SYSTEM32\dhcpcsvc.DLL
0x00007ffdcdfa0000 - 0x00007ffdce06b000 	C:\WINDOWS\SYSTEM32\DNSAPI.dll
0x000000006a2f0000 - 0x000000006a301000 	G:\jdk\jre\bin\nio.dll
0x00007ffdc88f0000 - 0x00007ffdc88fa000 	C:\Users\user\AppData\Local\Temp\jansi-1.17.1-475271391219491756.dll
0x00007ffdc2190000 - 0x00007ffdc219a000 	C:\Users\user\AppData\Local\Temp\jansi-1.17.1-1515339184792175236.dll

VM Arguments:
jvm_args: -Dmaven.multiModuleProjectDirectory=F:\AndroidStudioWorkDir\android_score\android_api -Dmaven.home=F:\apache-maven-3.6.2-bin\apache-maven-3.6.2 -Dclassworlds.conf=F:\apache-maven-3.6.2-bin\apache-maven-3.6.2\bin\m2.conf -Dmaven.ext.class.path=F:\ideaIU-2019.3.2.win\plugins\maven\lib\maven-event-listener.jar -javaagent:F:\ideaIU-2019.3.2.win\lib\idea_rt.jar=50142:F:\ideaIU-2019.3.2.win\bin -Dfile.encoding=UTF-8 
java_command: org.codehaus.classworlds.Launcher -Didea.version2019.3.2 -s F:\apache-maven-3.6.2-bin\apache-maven-3.6.2\conf\settings.xml -Dmaven.repo.local=F:\apache-maven-3.6.2-bin\maven-download-jars clean
java_class_path (initial): F:\apache-maven-3.6.2-bin\apache-maven-3.6.2\boot\plexus-classworlds-2.6.0.jar;F:\ideaIU-2019.3.2.win\lib\idea_rt.jar
Launcher Type: SUN_STANDARD

Environment Variables:
JAVA_HOME=G:\jdk
CLASSPATH=.;.;G:\jdk\lib;G:\jdk\lib\tools.jar;H:\pandownloadFiles\jdk1.6.0_45\lib;H:\pandownloadFiles\jdk1.6.0_45\lib\tools.jar;F:\jmeter-5\apache-jmeter-5.2.1\lib\ext\ApacheJMeter_core.jar;F:\jmeter-5\apache-jmeter-5.2.1\lib\ext\ApacheJMeter_core.jar;F:\jmeter-5\apache-jmeter-5.2.1\lib\jorphan.jar;F:\jmeter-5\apache-jmeter-5.2.1\lib/logkit-2.0.jar;
USERNAME=user
OS=Windows_NT
PROCESSOR_IDENTIFIER=Intel64 Family 6 Model 158 Stepping 9, GenuineIntel



---------------  S Y S T E M  ---------------

OS: Windows 10.0 , 64 bit Build 18362 (10.0.18362.900)

CPU:total 4 (initial active 4) (4 cores per cpu, 1 threads per core) family 6 model 158 stepping 9, cmov, cx8, fxsr, mmx, sse, sse2, sse3, ssse3, sse4.1, sse4.2, popcnt, avx, avx2, aes, clmul, erms, 3dnowpref, lzcnt, tsc, tscinvbit, bmi1, bmi2, adx

Memory: 4k page, physical 8270992k(291140k free), swap 33436816k(6812k free)

vm_info: Java HotSpot(TM) 64-Bit Server VM (25.131-b11) for windows-amd64 JRE (1.8.0_131-b11), built on Mar 15 2017 01:23:53 by "java_re" with MS VC++ 10.0 (VS2010)

time: Sun Jun 28 20:27:58 2020
elapsed time: 5 seconds (0d 0h 0m 5s)

