#
# There is insufficient memory for the Java Runtime Environment to continue.
# Native memory allocation (malloc) failed to allocate 1290096 bytes for Chunk::new
# Possible reasons:
#   The system is out of physical RAM or swap space
#   In 32 bit mode, the process size limit was hit
# Possible solutions:
#   Reduce memory load on the system
#   Increase physical memory or swap space
#   Check if swap backing store is full
#   Use 64 bit Java on a 64 bit OS
#   Decrease Java heap size (-Xmx/-Xms)
#   Decrease number of Java threads
#   Decrease Java thread stack sizes (-Xss)
#   Set larger code cache with -XX:ReservedCodeCacheSize=
# This output file may be truncated or incomplete.
#
#  Out of Memory Error (allocation.cpp:390), pid=2952, tid=0x0000000000004224
#
# JRE version: Java(TM) SE Runtime Environment (8.0_131-b11) (build 1.8.0_131-b11)
# Java VM: Java HotSpot(TM) 64-Bit Server VM (25.131-b11 mixed mode windows-amd64 compressed oops)
# Failed to write core dump. Minidumps are not enabled by default on client versions of Windows
#

---------------  T H R E A D  ---------------

Current thread (0x000000001759c000):  JavaThread "C2 CompilerThread1" daemon [_thread_in_native, id=16932, stack(0x0000000019100000,0x0000000019200000)]

Stack: [0x0000000019100000,0x0000000019200000]
[error occurred during error reporting (printing stack bounds), id 0xc0000005]

Native frames: (J=compiled Java code, j=interpreted, Vv=VM code, C=native code)


Current CompileTask:
C2:   6054 3646   !   4       org.codehaus.plexus.interpolation.StringSearchInterpolator::interpolate (650 bytes)


---------------  P R O C E S S  ---------------

Java Threads: ( => current thread )
  0x000000001c1c1000 JavaThread "Thread-2" daemon [_thread_in_native, id=17588, stack(0x000000001e6b0000,0x000000001e7b0000)]
  0x00000000189cb800 JavaThread "Service Thread" daemon [_thread_blocked, id=6520, stack(0x0000000019300000,0x0000000019400000)]
  0x00000000189a2800 JavaThread "C1 CompilerThread2" daemon [_thread_blocked, id=22264, stack(0x0000000019200000,0x0000000019300000)]
=>0x000000001759c000 JavaThread "C2 CompilerThread1" daemon [_thread_in_native, id=16932, stack(0x0000000019100000,0x0000000019200000)]
  0x0000000017598000 JavaThread "C2 CompilerThread0" daemon [_thread_in_native, id=19616, stack(0x0000000019000000,0x0000000019100000)]
  0x0000000017587800 JavaThread "Monitor Ctrl-Break" daemon [_thread_in_native, id=7896, stack(0x0000000018f00000,0x0000000019000000)]
  0x0000000017551000 JavaThread "Attach Listener" daemon [_thread_blocked, id=21588, stack(0x0000000018e00000,0x0000000018f00000)]
  0x0000000017566800 JavaThread "Signal Dispatcher" daemon [_thread_blocked, id=11208, stack(0x0000000018d00000,0x0000000018e00000)]
  0x000000001752a800 JavaThread "Finalizer" daemon [_thread_blocked, id=22500, stack(0x00000000187a0000,0x00000000188a0000)]
  0x0000000002a03000 JavaThread "Reference Handler" daemon [_thread_blocked, id=24020, stack(0x00000000186a0000,0x00000000187a0000)]
  0x0000000002913800 JavaThread "main" [_thread_in_vm, id=1624, stack(0x0000000002300000,0x0000000002400000)]

Other Threads:
  0x0000000017508000 VMThread [stack: 0x00000000185a0000,0x00000000186a0000] [id=20672]
  0x0000000018a10000 WatcherThread [stack: 0x0000000019420000,0x0000000019520000] [id=6552]

VM state:not at safepoint (normal execution)

VM Mutex/Monitor currently owned by a thread: None

Heap:
 PSYoungGen      total 78336K, used 22478K [0x00000000d5f00000, 0x00000000dfa00000, 0x0000000100000000)
  eden space 66560K, 16% used [0x00000000d5f00000,0x00000000d6a0c4a8,0x00000000da000000)
  from space 11776K, 94% used [0x00000000da000000,0x00000000daae7500,0x00000000dab80000)
  to   space 12800K, 0% used [0x00000000ded80000,0x00000000ded80000,0x00000000dfa00000)
 ParOldGen       total 87552K, used 15841K [0x0000000081c00000, 0x0000000087180000, 0x00000000d5f00000)
  object space 87552K, 18% used [0x0000000081c00000,0x0000000082b784c8,0x0000000087180000)
 Metaspace       used 19086K, capacity 19704K, committed 19968K, reserved 1067008K
  class space    used 2154K, capacity 2295K, committed 2304K, reserved 1048576K

Card table byte_map: [0x0000000011dd0000,0x00000000121d0000] byte_map_base: 0x00000000119c2000

Marking Bits: (ParMarkBitMap*) 0x000000006ab6c720
 Begin Bits: [0x0000000012880000, 0x0000000014810000)
 End Bits:   [0x0000000014810000, 0x00000000167a0000)

Polling page: 0x0000000002750000

CodeCache: size=245760Kb used=13531Kb max_used=13531Kb free=232228Kb
 bounds [0x0000000002a10000, 0x0000000003760000, 0x0000000011a10000]
 total_blobs=4098 nmethods=3695 adapters=315
 compilation: enabled

Compilation events (10 events):
Event: 6.011 Thread 0x00000000189a2800 3687       3       java.nio.charset.CharsetEncoder::implOnMalformedInput (1 bytes)
Event: 6.011 Thread 0x00000000189a2800 nmethod 3687 0x00000000037376d0 code [0x0000000003737820, 0x0000000003737970]
Event: 6.011 Thread 0x00000000189a2800 3688       3       java.nio.charset.CharsetEncoder::onUnmappableCharacter (26 bytes)
Event: 6.012 Thread 0x00000000189a2800 nmethod 3688 0x00000000037379d0 code [0x0000000003737b40, 0x0000000003737e88]
Event: 6.013 Thread 0x00000000189a2800 3689       3       sun.misc.PerfCounter::increment (6 bytes)
Event: 6.014 Thread 0x00000000189a2800 nmethod 3689 0x0000000003737f90 code [0x0000000003738120, 0x0000000003738818]
Event: 6.016 Thread 0x00000000189a2800 3690       3       com.google.inject.internal.ProviderInstanceBindingImpl::withScoping (25 bytes)
Event: 6.016 Thread 0x00000000189a2800 nmethod 3690 0x0000000003738b50 code [0x0000000003738ce0, 0x00000000037391c8]
Event: 6.017 Thread 0x00000000189a2800 3691  s    3       java.io.ByteArrayInputStream::read (101 bytes)
Event: 6.017 Thread 0x00000000189a2800 nmethod 3691 0x0000000003739390 code [0x0000000003739540, 0x0000000003739ca8]

GC Heap History (10 events):
Event: 3.149 GC heap before
{Heap before GC invocations=3 (full 0):
 PSYoungGen      total 38400K, used 38397K [0x00000000d5f00000, 0x00000000d8980000, 0x0000000100000000)
  eden space 33280K, 100% used [0x00000000d5f00000,0x00000000d7f80000,0x00000000d7f80000)
  from space 5120K, 99% used [0x00000000d8480000,0x00000000d897f750,0x00000000d8980000)
  to   space 5120K, 0% used [0x00000000d7f80000,0x00000000d7f80000,0x00000000d8480000)
 ParOldGen       total 87552K, used 1850K [0x0000000081c00000, 0x0000000087180000, 0x00000000d5f00000)
  object space 87552K, 2% used [0x0000000081c00000,0x0000000081dce810,0x0000000087180000)
 Metaspace       used 15619K, capacity 15882K, committed 16128K, reserved 1062912K
  class space    used 1895K, capacity 1974K, committed 2048K, reserved 1048576K
Event: 3.156 GC heap after
Heap after GC invocations=3 (full 0):
 PSYoungGen      total 38400K, used 5112K [0x00000000d5f00000, 0x00000000d8980000, 0x0000000100000000)
  eden space 33280K, 0% used [0x00000000d5f00000,0x00000000d5f00000,0x00000000d7f80000)
  from space 5120K, 99% used [0x00000000d7f80000,0x00000000d847e050,0x00000000d8480000)
  to   space 5120K, 0% used [0x00000000d8480000,0x00000000d8480000,0x00000000d8980000)
 ParOldGen       total 87552K, used 4716K [0x0000000081c00000, 0x0000000087180000, 0x00000000d5f00000)
  object space 87552K, 5% used [0x0000000081c00000,0x000000008209b148,0x0000000087180000)
 Metaspace       used 15619K, capacity 15882K, committed 16128K, reserved 1062912K
  class space    used 1895K, capacity 1974K, committed 2048K, reserved 1048576K
}
Event: 3.666 GC heap before
{Heap before GC invocations=4 (full 0):
 PSYoungGen      total 38400K, used 38392K [0x00000000d5f00000, 0x00000000d8980000, 0x0000000100000000)
  eden space 33280K, 100% used [0x00000000d5f00000,0x00000000d7f80000,0x00000000d7f80000)
  from space 5120K, 99% used [0x00000000d7f80000,0x00000000d847e050,0x00000000d8480000)
  to   space 5120K, 0% used [0x00000000d8480000,0x00000000d8480000,0x00000000d8980000)
 ParOldGen       total 87552K, used 4716K [0x0000000081c00000, 0x0000000087180000, 0x00000000d5f00000)
  object space 87552K, 5% used [0x0000000081c00000,0x000000008209b148,0x0000000087180000)
 Metaspace       used 16270K, capacity 16578K, committed 16896K, reserved 1064960K
  class space    used 1931K, capacity 2010K, committed 2048K, reserved 1048576K
Event: 3.677 GC heap after
Heap after GC invocations=4 (full 0):
 PSYoungGen      total 38400K, used 5112K [0x00000000d5f00000, 0x00000000daa00000, 0x0000000100000000)
  eden space 33280K, 0% used [0x00000000d5f00000,0x00000000d5f00000,0x00000000d7f80000)
  from space 5120K, 99% used [0x00000000d8480000,0x00000000d897e030,0x00000000d8980000)
  to   space 5120K, 0% used [0x00000000d7f80000,0x00000000d7f80000,0x00000000d8480000)
 ParOldGen       total 87552K, used 9260K [0x0000000081c00000, 0x0000000087180000, 0x00000000d5f00000)
  object space 87552K, 10% used [0x0000000081c00000,0x000000008250b208,0x0000000087180000)
 Metaspace       used 16270K, capacity 16578K, committed 16896K, reserved 1064960K
  class space    used 1931K, capacity 2010K, committed 2048K, reserved 1048576K
}
Event: 4.111 GC heap before
{Heap before GC invocations=5 (full 0):
 PSYoungGen      total 38400K, used 38392K [0x00000000d5f00000, 0x00000000daa00000, 0x0000000100000000)
  eden space 33280K, 100% used [0x00000000d5f00000,0x00000000d7f80000,0x00000000d7f80000)
  from space 5120K, 99% used [0x00000000d8480000,0x00000000d897e030,0x00000000d8980000)
  to   space 5120K, 0% used [0x00000000d7f80000,0x00000000d7f80000,0x00000000d8480000)
 ParOldGen       total 87552K, used 9260K [0x0000000081c00000, 0x0000000087180000, 0x00000000d5f00000)
  object space 87552K, 10% used [0x0000000081c00000,0x000000008250b208,0x0000000087180000)
 Metaspace       used 16534K, capacity 16964K, committed 17152K, reserved 1064960K
  class space    used 1937K, capacity 2047K, committed 2048K, reserved 1048576K
Event: 4.121 GC heap after
Heap after GC invocations=5 (full 0):
 PSYoungGen      total 38400K, used 5096K [0x00000000d5f00000, 0x00000000db700000, 0x0000000100000000)
  eden space 33280K, 0% used [0x00000000d5f00000,0x00000000d5f00000,0x00000000d7f80000)
  from space 5120K, 99% used [0x00000000d7f80000,0x00000000d847a040,0x00000000d8480000)
  to   space 11776K, 0% used [0x00000000dab80000,0x00000000dab80000,0x00000000db700000)
 ParOldGen       total 87552K, used 14156K [0x0000000081c00000, 0x0000000087180000, 0x00000000d5f00000)
  object space 87552K, 16% used [0x0000000081c00000,0x00000000829d32d0,0x0000000087180000)
 Metaspace       used 16534K, capacity 16964K, committed 17152K, reserved 1064960K
  class space    used 1937K, capacity 2047K, committed 2048K, reserved 1048576K
}
Event: 4.633 GC heap before
{Heap before GC invocations=6 (full 0):
 PSYoungGen      total 38400K, used 38376K [0x00000000d5f00000, 0x00000000db700000, 0x0000000100000000)
  eden space 33280K, 100% used [0x00000000d5f00000,0x00000000d7f80000,0x00000000d7f80000)
  from space 5120K, 99% used [0x00000000d7f80000,0x00000000d847a040,0x00000000d8480000)
  to   space 11776K, 0% used [0x00000000dab80000,0x00000000dab80000,0x00000000db700000)
 ParOldGen       total 87552K, used 14156K [0x0000000081c00000, 0x0000000087180000, 0x00000000d5f00000)
  object space 87552K, 16% used [0x0000000081c00000,0x00000000829d32d0,0x0000000087180000)
 Metaspace       used 16905K, capacity 17302K, committed 17536K, reserved 1064960K
  class space    used 1952K, capacity 2050K, committed 2176K, reserved 1048576K
Event: 4.643 GC heap after
Heap after GC invocations=6 (full 0):
 PSYoungGen      total 78336K, used 8680K [0x00000000d5f00000, 0x00000000db700000, 0x0000000100000000)
  eden space 66560K, 0% used [0x00000000d5f00000,0x00000000d5f00000,0x00000000da000000)
  from space 11776K, 73% used [0x00000000dab80000,0x00000000db3fa020,0x00000000db700000)
  to   space 11776K, 0% used [0x00000000da000000,0x00000000da000000,0x00000000dab80000)
 ParOldGen       total 87552K, used 14156K [0x0000000081c00000, 0x0000000087180000, 0x00000000d5f00000)
  object space 87552K, 16% used [0x0000000081c00000,0x00000000829d32d0,0x0000000087180000)
 Metaspace       used 16905K, capacity 17302K, committed 17536K, reserved 1064960K
  class space    used 1952K, capacity 2050K, committed 2176K, reserved 1048576K
}
Event: 5.822 GC heap before
{Heap before GC invocations=7 (full 0):
 PSYoungGen      total 78336K, used 75240K [0x00000000d5f00000, 0x00000000db700000, 0x0000000100000000)
  eden space 66560K, 100% used [0x00000000d5f00000,0x00000000da000000,0x00000000da000000)
  from space 11776K, 73% used [0x00000000dab80000,0x00000000db3fa020,0x00000000db700000)
  to   space 11776K, 0% used [0x00000000da000000,0x00000000da000000,0x00000000dab80000)
 ParOldGen       total 87552K, used 14156K [0x0000000081c00000, 0x0000000087180000, 0x00000000d5f00000)
  object space 87552K, 16% used [0x0000000081c00000,0x00000000829d32d0,0x0000000087180000)
 Metaspace       used 18506K, capacity 19014K, committed 19200K, reserved 1067008K
  class space    used 2088K, capacity 2196K, committed 2304K, reserved 1048576K
Event: 5.848 GC heap after
Heap after GC invocations=7 (full 0):
 PSYoungGen      total 78336K, used 11165K [0x00000000d5f00000, 0x00000000dfa00000, 0x0000000100000000)
  eden space 66560K, 0% used [0x00000000d5f00000,0x00000000d5f00000,0x00000000da000000)
  from space 11776K, 94% used [0x00000000da000000,0x00000000daae7500,0x00000000dab80000)
  to   space 12800K, 0% used [0x00000000ded80000,0x00000000ded80000,0x00000000dfa00000)
 ParOldGen       total 87552K, used 15841K [0x0000000081c00000, 0x0000000087180000, 0x00000000d5f00000)
  object space 87552K, 18% used [0x0000000081c00000,0x0000000082b784c8,0x0000000087180000)
 Metaspace       used 18506K, capacity 19014K, committed 19200K, reserved 1067008K
  class space    used 2088K, capacity 2196K, committed 2304K, reserved 1048576K
}

Deoptimization events (10 events):
Event: 5.144 Thread 0x0000000002913800 Uncommon trap: reason=unstable_if action=reinterpret pc=0x00000000030af0cc method=sun.nio.cs.UTF_8$Encoder.encodeArrayLoop(Ljava/nio/CharBuffer;Ljava/nio/ByteBuffer;)Ljava/nio/charset/CoderResult; @ 87
Event: 5.144 Thread 0x0000000002913800 Uncommon trap: reason=class_check action=maybe_recompile pc=0x0000000003090e40 method=sun.nio.cs.StreamEncoder.writeBytes()V @ 120
Event: 5.157 Thread 0x0000000002913800 Uncommon trap: reason=class_check action=maybe_recompile pc=0x00000000034c06b8 method=org.eclipse.sisu.wire.EntryListAdapter$ValueIterator.next()Ljava/lang/Object; @ 4
Event: 5.580 Thread 0x0000000002913800 Uncommon trap: reason=predicate action=maybe_recompile pc=0x00000000035cca48 method=java.util.TimSort.binarySort([Ljava/lang/Object;IIILjava/util/Comparator;)V @ 37
Event: 5.632 Thread 0x0000000002913800 Uncommon trap: reason=class_check action=maybe_recompile pc=0x00000000034c06b8 method=org.eclipse.sisu.wire.EntryListAdapter$ValueIterator.next()Ljava/lang/Object; @ 4
Event: 5.660 Thread 0x0000000002913800 Uncommon trap: reason=class_check action=maybe_recompile pc=0x0000000003090e40 method=sun.nio.cs.StreamEncoder.writeBytes()V @ 120
Event: 5.661 Thread 0x0000000002913800 Uncommon trap: reason=class_check action=maybe_recompile pc=0x00000000034c06b8 method=org.eclipse.sisu.wire.EntryListAdapter$ValueIterator.next()Ljava/lang/Object; @ 4
Event: 5.673 Thread 0x0000000002913800 Uncommon trap: reason=unstable_if action=reinterpret pc=0x0000000002dbbb80 method=java.util.concurrent.ConcurrentHashMap.putVal(Ljava/lang/Object;Ljava/lang/Object;Z)Ljava/lang/Object; @ 206
Event: 5.692 Thread 0x0000000002913800 Uncommon trap: reason=class_check action=maybe_recompile pc=0x0000000003090e40 method=sun.nio.cs.StreamEncoder.writeBytes()V @ 120
Event: 5.856 Thread 0x0000000002913800 Uncommon trap: reason=unstable_if action=reinterpret pc=0x00000000034876b0 method=org.eclipse.aether.util.graph.transformer.ConflictResolver$State.deriveScope(Lorg/eclipse/aether/graph/DependencyNode;Ljava/lang/Object;)Ljava/lang/String; @ 8

Internal exceptions (10 events):
Event: 2.896 Thread 0x0000000002913800 Exception <a 'java/lang/NoClassDefFoundError': javax/annotation/Priority> (0x00000000d70786f0) thrown at [C:\re\workspace\8-2-build-windows-amd64-cygwin\jdk8u131\8869\hotspot\src\share\vm\classfile\systemDictionary.cpp, line 199]
Event: 2.987 Thread 0x0000000002913800 Implicit null exception at 0x0000000002bb2058 to 0x0000000002bb2229
Event: 3.070 Thread 0x0000000002913800 Implicit null exception at 0x0000000002cee214 to 0x0000000002cee5bd
Event: 3.070 Thread 0x0000000002913800 Implicit null exception at 0x0000000002bfcb16 to 0x0000000002bfceb9
Event: 3.177 Thread 0x0000000002913800 Implicit null exception at 0x00000000030344f7 to 0x0000000003034741
Event: 3.474 Thread 0x0000000002913800 Implicit null exception at 0x00000000031279b7 to 0x0000000003127c01
Event: 3.597 Thread 0x0000000002913800 Implicit null exception at 0x0000000003164320 to 0x000000000316487d
Event: 4.475 Thread 0x0000000002913800 Implicit null exception at 0x0000000002e06295 to 0x0000000002e06465
Event: 4.476 Thread 0x0000000002913800 Implicit null exception at 0x0000000002d7696f to 0x0000000002d769d9
Event: 5.091 Thread 0x0000000002913800 Implicit null exception at 0x00000000033d477d to 0x00000000033d4b95

Events (10 events):
Event: 6.033 loading class javax/annotation/Nonnull
Event: 6.033 loading class javax/annotation/Nonnull done
Event: 6.033 loading class javax/annotation/Nonnull
Event: 6.033 loading class javax/annotation/Nonnull done
Event: 6.034 loading class javax/annotation/Nonnull
Event: 6.034 loading class javax/annotation/Nonnull done
Event: 6.034 loading class org/sonatype/plexus/components/sec/dispatcher/DefaultSecDispatcher
Event: 6.034 loading class org/sonatype/plexus/components/sec/dispatcher/DefaultSecDispatcher done
Event: 6.034 loading class org/sonatype/plexus/components/sec/dispatcher/DefaultSecDispatcher
Event: 6.034 loading class org/sonatype/plexus/components/sec/dispatcher/DefaultSecDispatcher done


Dynamic libraries:
0x00007ff6dcd80000 - 0x00007ff6dcdb7000 	G:\jdk\bin\java.exe
0x00007ffdd1b20000 - 0x00007ffdd1d10000 	C:\WINDOWS\SYSTEM32\ntdll.dll
0x00007ffdd05d0000 - 0x00007ffdd0682000 	C:\WINDOWS\System32\KERNEL32.DLL
0x00007ffdcf530000 - 0x00007ffdcf7d4000 	C:\WINDOWS\System32\KERNELBASE.dll
0x00007ffdd19b0000 - 0x00007ffdd1a53000 	C:\WINDOWS\System32\ADVAPI32.dll
0x00007ffdd03d0000 - 0x00007ffdd046e000 	C:\WINDOWS\System32\msvcrt.dll
0x00007ffdcfd20000 - 0x00007ffdcfdb7000 	C:\WINDOWS\System32\sechost.dll
0x00007ffdd16e0000 - 0x00007ffdd1800000 	C:\WINDOWS\System32\RPCRT4.dll
0x00007ffdd1810000 - 0x00007ffdd19a4000 	C:\WINDOWS\System32\USER32.dll
0x00007ffdced20000 - 0x00007ffdced41000 	C:\WINDOWS\System32\win32u.dll
0x00007ffdd03a0000 - 0x00007ffdd03c6000 	C:\WINDOWS\System32\GDI32.dll
0x00007ffdcfa30000 - 0x00007ffdcfbc5000 	C:\WINDOWS\System32\gdi32full.dll
0x00007ffdceab0000 - 0x00007ffdceb4e000 	C:\WINDOWS\System32\msvcp_win.dll
0x00007ffdceb70000 - 0x00007ffdcec6a000 	C:\WINDOWS\System32\ucrtbase.dll
0x00007ffdbf960000 - 0x00007ffdbfbe4000 	C:\WINDOWS\WinSxS\amd64_microsoft.windows.common-controls_6595b64144ccf1df_6.0.18362.900_none_e6beb9d913147d17\COMCTL32.dll
0x00007ffdcfe20000 - 0x00007ffdd0155000 	C:\WINDOWS\System32\combase.dll
0x00007ffdcec70000 - 0x00007ffdcecf0000 	C:\WINDOWS\System32\bcryptPrimitives.dll
0x00007ffdd01c0000 - 0x00007ffdd01ee000 	C:\WINDOWS\System32\IMM32.DLL
0x000000006ad70000 - 0x000000006ae42000 	G:\jdk\jre\bin\msvcr100.dll
0x000000006a350000 - 0x000000006abec000 	G:\jdk\jre\bin\server\jvm.dll
0x00007ffdd0690000 - 0x00007ffdd0698000 	C:\WINDOWS\System32\PSAPI.DLL
0x00007ffdc5e70000 - 0x00007ffdc5e79000 	C:\WINDOWS\SYSTEM32\WSOCK32.dll
0x00007ffdc5870000 - 0x00007ffdc5894000 	C:\WINDOWS\SYSTEM32\WINMM.dll
0x00007ffdd0760000 - 0x00007ffdd07cf000 	C:\WINDOWS\System32\WS2_32.dll
0x00007ffdc8300000 - 0x00007ffdc830a000 	C:\WINDOWS\SYSTEM32\VERSION.dll
0x00007ffdc5840000 - 0x00007ffdc586d000 	C:\WINDOWS\SYSTEM32\WINMMBASE.dll
0x00007ffdcf9e0000 - 0x00007ffdcfa2a000 	C:\WINDOWS\System32\cfgmgr32.dll
0x000000006d2f0000 - 0x000000006d2ff000 	G:\jdk\jre\bin\verify.dll
0x000000006d2c0000 - 0x000000006d2e9000 	G:\jdk\jre\bin\java.dll
0x000000006a300000 - 0x000000006a323000 	G:\jdk\jre\bin\instrument.dll
0x000000006d2a0000 - 0x000000006d2b6000 	G:\jdk\jre\bin\zip.dll
0x00007ffdd0a50000 - 0x00007ffdd1136000 	C:\WINDOWS\System32\SHELL32.dll
0x00007ffdd1610000 - 0x00007ffdd16b9000 	C:\WINDOWS\System32\shcore.dll
0x00007ffdced50000 - 0x00007ffdcf4d0000 	C:\WINDOWS\System32\windows.storage.dll
0x00007ffdce9f0000 - 0x00007ffdcea13000 	C:\WINDOWS\System32\profapi.dll
0x00007ffdcea40000 - 0x00007ffdcea8a000 	C:\WINDOWS\System32\powrprof.dll
0x00007ffdce9e0000 - 0x00007ffdce9f0000 	C:\WINDOWS\System32\UMPDC.dll
0x00007ffdd1140000 - 0x00007ffdd1192000 	C:\WINDOWS\System32\shlwapi.dll
0x00007ffdcea20000 - 0x00007ffdcea31000 	C:\WINDOWS\System32\kernel.appcore.dll
0x00007ffdceb50000 - 0x00007ffdceb67000 	C:\WINDOWS\System32\cryptsp.dll
0x00007ffdc8000000 - 0x00007ffdc801a000 	F:\ideaIU-2019.3.2.win\bin\breakgen64.dll
0x000000006d280000 - 0x000000006d29a000 	G:\jdk\jre\bin\net.dll
0x00007ffdce250000 - 0x00007ffdce2b7000 	C:\WINDOWS\system32\mswsock.dll
0x00007ffdcddc0000 - 0x00007ffdcddf3000 	C:\WINDOWS\system32\rsaenh.dll
0x00007ffdcecf0000 - 0x00007ffdced16000 	C:\WINDOWS\System32\bcrypt.dll
0x00007ffdce8d0000 - 0x00007ffdce8f5000 	C:\WINDOWS\SYSTEM32\USERENV.dll
0x00007ffdce420000 - 0x00007ffdce42c000 	C:\WINDOWS\SYSTEM32\CRYPTBASE.dll
0x00007ffdcdf60000 - 0x00007ffdcdf9a000 	C:\WINDOWS\SYSTEM32\IPHLPAPI.DLL
0x00007ffdd06a0000 - 0x00007ffdd06a8000 	C:\WINDOWS\System32\NSI.dll
0x00007ffdc49d0000 - 0x00007ffdc49e6000 	C:\WINDOWS\SYSTEM32\dhcpcsvc6.DLL
0x00007ffdc5210000 - 0x00007ffdc522c000 	C:\WINDOWS\SYSTEM32\dhcpcsvc.DLL
0x00007ffdcdfa0000 - 0x00007ffdce06b000 	C:\WINDOWS\SYSTEM32\DNSAPI.dll
0x000000006a330000 - 0x000000006a341000 	G:\jdk\jre\bin\nio.dll
0x00007ffdc99f0000 - 0x00007ffdc99fa000 	C:\Users\user\AppData\Local\Temp\jansi-1.17.1-6372197129327875889.dll
0x00007ffdc88f0000 - 0x00007ffdc88fa000 	C:\Users\user\AppData\Local\Temp\jansi-1.17.1-7142977261322685893.dll
0x000000006bac0000 - 0x000000006bacd000 	G:\jdk\jre\bin\management.dll
0x00007ffdc0410000 - 0x00007ffdc0426000 	C:\WINDOWS\system32\napinsp.dll
0x00007ffdc03f0000 - 0x00007ffdc040a000 	C:\WINDOWS\system32\pnrpnsp.dll
0x00007ffdc03e0000 - 0x00007ffdc03ee000 	C:\WINDOWS\System32\winrnr.dll
0x00007ffdcb0a0000 - 0x00007ffdcb0bc000 	C:\WINDOWS\system32\NLAapi.dll
0x00007ffdca3f0000 - 0x00007ffdca405000 	C:\WINDOWS\system32\wshbth.dll
0x000000006ce10000 - 0x000000006ce36000 	C:\Program Files\Bonjour\mdnsNSP.dll
0x00007ffdc8210000 - 0x00007ffdc821a000 	C:\Windows\System32\rasadhlp.dll
0x00007ffdc4ef0000 - 0x00007ffdc4f67000 	C:\WINDOWS\System32\fwpuclnt.dll

VM Arguments:
jvm_args: -Dmaven.multiModuleProjectDirectory=F:\AndroidStudioWorkDir\android_score\android_api -Dmaven.home=F:\apache-maven-3.6.2-bin\apache-maven-3.6.2 -Dclassworlds.conf=F:\apache-maven-3.6.2-bin\apache-maven-3.6.2\bin\m2.conf -Dmaven.ext.class.path=F:\ideaIU-2019.3.2.win\plugins\maven\lib\maven-event-listener.jar -javaagent:F:\ideaIU-2019.3.2.win\lib\idea_rt.jar=49185:F:\ideaIU-2019.3.2.win\bin -Dfile.encoding=UTF-8 
java_command: org.codehaus.classworlds.Launcher -Didea.version2019.3.2 -s F:\apache-maven-3.6.2-bin\apache-maven-3.6.2\conf\settings.xml -Dmaven.repo.local=F:\apache-maven-3.6.2-bin\maven-download-jars package
java_class_path (initial): F:\apache-maven-3.6.2-bin\apache-maven-3.6.2\boot\plexus-classworlds-2.6.0.jar;F:\ideaIU-2019.3.2.win\lib\idea_rt.jar
Launcher Type: SUN_STANDARD

Environment Variables:
JAVA_HOME=G:\jdk
CLASSPATH=.;.;G:\jdk\lib;G:\jdk\lib\tools.jar;H:\pandownloadFiles\jdk1.6.0_45\lib;H:\pandownloadFiles\jdk1.6.0_45\lib\tools.jar;F:\jmeter-5\apache-jmeter-5.2.1\lib\ext\ApacheJMeter_core.jar;F:\jmeter-5\apache-jmeter-5.2.1\lib\ext\ApacheJMeter_core.jar;F:\jmeter-5\apache-jmeter-5.2.1\lib\jorphan.jar;F:\jmeter-5\apache-jmeter-5.2.1\lib/logkit-2.0.jar;
USERNAME=user
OS=Windows_NT
PROCESSOR_IDENTIFIER=Intel64 Family 6 Model 158 Stepping 9, GenuineIntel



---------------  S Y S T E M  ---------------

OS: Windows 10.0 , 64 bit Build 18362 (10.0.18362.900)

CPU:total 4 (initial active 4) (4 cores per cpu, 1 threads per core) family 6 model 158 stepping 9, cmov, cx8, fxsr, mmx, sse, sse2, sse3, ssse3, sse4.1, sse4.2, popcnt, avx, avx2, aes, clmul, erms, 3dnowpref, lzcnt, tsc, tscinvbit, bmi1, bmi2, adx

Memory: 4k page, physical 8270992k(450444k free), swap 33436816k(6284k free)

vm_info: Java HotSpot(TM) 64-Bit Server VM (25.131-b11) for windows-amd64 JRE (1.8.0_131-b11), built on Mar 15 2017 01:23:53 by "java_re" with MS VC++ 10.0 (VS2010)

time: Sun Jun 28 20:15:58 2020
elapsed time: 6 seconds (0d 0h 0m 6s)

